{"/Users/cristian.azocar/Documents/Personal/Projects/xero-technical-test/src/models/Invoice.ts": {"path":"/Users/cristian.azocar/Documents/Personal/Projects/xero-technical-test/src/models/Invoice.ts","statementMap":{"0":{"start":{"line":1,"column":0},"end":{"line":1,"column":33}},"1":{"start":{"line":3,"column":0},"end":{"line":3,"column":41}},"2":{"start":{"line":5,"column":0},"end":{"line":5,"column":null}},"3":{"start":{"line":24,"column":4},"end":{"line":24,"column":null}},"4":{"start":{"line":25,"column":4},"end":{"line":25,"column":null}},"5":{"start":{"line":26,"column":4},"end":{"line":26,"column":null}},"6":{"start":{"line":23,"column":2},"end":{"line":23,"column":null}},"7":{"start":{"line":10,"column":10},"end":{"line":21,"column":5}},"8":{"start":{"line":28,"column":4},"end":{"line":28,"column":35}},"9":{"start":{"line":29,"column":4},"end":{"line":29,"column":39}},"10":{"start":{"line":30,"column":4},"end":{"line":30,"column":24}},"11":{"start":{"line":32,"column":4},"end":{"line":32,"column":52}},"12":{"start":{"line":32,"column":32},"end":{"line":32,"column":51}},"13":{"start":{"line":35,"column":2},"end":{"line":43,"column":null}},"14":{"start":{"line":36,"column":25},"end":{"line":36,"column":50}},"15":{"start":{"line":38,"column":4},"end":{"line":42,"column":null}},"16":{"start":{"line":39,"column":6},"end":{"line":39,"column":45}},"17":{"start":{"line":41,"column":6},"end":{"line":41,"column":32}},"18":{"start":{"line":45,"column":2},"end":{"line":47,"column":null}},"19":{"start":{"line":45,"column":2},"end":{"line":45,"column":10}},"20":{"start":{"line":46,"column":4},"end":{"line":46,"column":48}},"21":{"start":{"line":46,"column":28},"end":{"line":46,"column":47}},"22":{"start":{"line":49,"column":2},"end":{"line":51,"column":null}},"23":{"start":{"line":50,"column":4},"end":{"line":50,"column":69}},"24":{"start":{"line":50,"column":53},"end":{"line":50,"column":68}},"25":{"start":{"line":53,"column":2},"end":{"line":55,"column":null}},"26":{"start":{"line":54,"column":4},"end":{"line":54,"column":57}},"27":{"start":{"line":54,"column":41},"end":{"line":54,"column":56}},"28":{"start":{"line":57,"column":2},"end":{"line":62,"column":null}},"29":{"start":{"line":58,"column":4},"end":{"line":61,"column":6}},"30":{"start":{"line":59,"column":29},"end":{"line":59,"column":null}},"31":{"start":{"line":64,"column":2},"end":{"line":73,"column":null}},"32":{"start":{"line":64,"column":2},"end":{"line":64,"column":7}},"33":{"start":{"line":65,"column":4},"end":{"line":72,"column":7}},"34":{"start":{"line":66,"column":27},"end":{"line":66,"column":52}},"35":{"start":{"line":67,"column":6},"end":{"line":71,"column":null}},"36":{"start":{"line":68,"column":8},"end":{"line":68,"column":47}},"37":{"start":{"line":70,"column":8},"end":{"line":70,"column":42}},"38":{"start":{"line":75,"column":2},"end":{"line":77,"column":null}},"39":{"start":{"line":76,"column":4},"end":{"line":76,"column":26}},"40":{"start":{"line":79,"column":2},"end":{"line":93,"column":null}},"41":{"start":{"line":79,"column":2},"end":{"line":79,"column":10}},"42":{"start":{"line":80,"column":4},"end":{"line":80,"column":26}},"43":{"start":{"line":81,"column":4},"end":{"line":88,"column":7}},"44":{"start":{"line":82,"column":6},"end":{"line":87,"column":9}},"45":{"start":{"line":90,"column":4},"end":{"line":90,"column":73}},"46":{"start":{"line":92,"column":4},"end":{"line":92,"column":33}},"47":{"start":{"line":94,"column":0},"end":{"line":94,"column":null}}},"fnMap":{"0":{"name":"(anonymous_1)","decl":{"start":{"line":5,"column":0},"end":{"line":5,"column":null}},"loc":{"start":{"line":5,"column":0},"end":{"line":94,"column":null}}},"1":{"name":"Invoice","decl":{"start":{"line":23,"column":2},"end":{"line":23,"column":null}},"loc":{"start":{"line":26,"column":33},"end":{"line":33,"column":3}}},"2":{"name":"(anonymous_3)","decl":{"start":{"line":32,"column":22},"end":{"line":32,"column":23}},"loc":{"start":{"line":32,"column":27},"end":{"line":32,"column":36}}},"3":{"name":"(anonymous_4)","decl":{"start":{"line":35,"column":2},"end":{"line":35,"column":9}},"loc":{"start":{"line":35,"column":27},"end":{"line":43,"column":3}}},"4":{"name":"(anonymous_5)","decl":{"start":{"line":45,"column":2},"end":{"line":45,"column":10}},"loc":{"start":{"line":45,"column":31},"end":{"line":47,"column":3}}},"5":{"name":"(anonymous_6)","decl":{"start":{"line":46,"column":18},"end":{"line":46,"column":19}},"loc":{"start":{"line":46,"column":23},"end":{"line":46,"column":32}}},"6":{"name":"(anonymous_7)","decl":{"start":{"line":49,"column":2},"end":{"line":49,"column":12}},"loc":{"start":{"line":49,"column":23},"end":{"line":51,"column":3}}},"7":{"name":"(anonymous_8)","decl":{"start":{"line":50,"column":43},"end":{"line":50,"column":44}},"loc":{"start":{"line":50,"column":48},"end":{"line":50,"column":57}}},"8":{"name":"(anonymous_9)","decl":{"start":{"line":53,"column":2},"end":{"line":53,"column":13}},"loc":{"start":{"line":53,"column":24},"end":{"line":55,"column":3}}},"9":{"name":"(anonymous_10)","decl":{"start":{"line":54,"column":31},"end":{"line":54,"column":32}},"loc":{"start":{"line":54,"column":36},"end":{"line":54,"column":45}}},"10":{"name":"(anonymous_11)","decl":{"start":{"line":57,"column":2},"end":{"line":57,"column":10}},"loc":{"start":{"line":57,"column":2},"end":{"line":62,"column":3}}},"11":{"name":"(anonymous_12)","decl":{"start":{"line":59,"column":6},"end":{"line":59,"column":7}},"loc":{"start":{"line":59,"column":24},"end":{"line":59,"column":40}}},"12":{"name":"(anonymous_13)","decl":{"start":{"line":64,"column":2},"end":{"line":64,"column":7}},"loc":{"start":{"line":64,"column":24},"end":{"line":73,"column":3}}},"13":{"name":"(anonymous_14)","decl":{"start":{"line":65,"column":30},"end":{"line":65,"column":31}},"loc":{"start":{"line":65,"column":35},"end":{"line":72,"column":5}}},"14":{"name":"(anonymous_15)","decl":{"start":{"line":75,"column":2},"end":{"line":75,"column":7}},"loc":{"start":{"line":75,"column":2},"end":{"line":77,"column":3}}},"15":{"name":"(anonymous_16)","decl":{"start":{"line":79,"column":2},"end":{"line":79,"column":10}},"loc":{"start":{"line":79,"column":2},"end":{"line":93,"column":3}}},"16":{"name":"(anonymous_17)","decl":{"start":{"line":81,"column":27},"end":{"line":81,"column":28}},"loc":{"start":{"line":81,"column":32},"end":{"line":88,"column":5}}}},"branchMap":{"0":{"loc":{"start":{"line":24,"column":4},"end":{"line":24,"column":null}},"type":"if","locations":[{"start":{"line":24,"column":4},"end":{"line":24,"column":null}}]},"1":{"loc":{"start":{"line":25,"column":4},"end":{"line":25,"column":null}},"type":"if","locations":[{"start":{"line":25,"column":4},"end":{"line":25,"column":null}}]},"2":{"loc":{"start":{"line":26,"column":4},"end":{"line":26,"column":null}},"type":"if","locations":[{"start":{"line":26,"column":4},"end":{"line":26,"column":null}}]},"3":{"loc":{"start":{"line":38,"column":4},"end":{"line":42,"column":null}},"type":"if","locations":[{"start":{"line":38,"column":4},"end":{"line":42,"column":null}},{"start":{"line":40,"column":11},"end":{"line":42,"column":null}}]},"4":{"loc":{"start":{"line":67,"column":6},"end":{"line":71,"column":null}},"type":"if","locations":[{"start":{"line":67,"column":6},"end":{"line":71,"column":null}},{"start":{"line":69,"column":13},"end":{"line":71,"column":null}}]}},"s":{"0":1,"1":1,"2":1,"3":23,"4":23,"5":23,"6":12,"7":12,"8":12,"9":12,"10":12,"11":12,"12":3,"13":1,"14":22,"15":22,"16":2,"17":20,"18":1,"19":2,"20":2,"21":6,"22":1,"23":1,"24":2,"25":1,"26":26,"27":22,"28":1,"29":2,"30":4,"31":1,"32":1,"33":1,"34":3,"35":3,"36":1,"37":2,"38":1,"39":1,"40":1,"41":1,"42":1,"43":1,"44":1,"45":1,"46":1,"47":1},"f":{"0":1,"1":12,"2":3,"3":22,"4":2,"5":6,"6":1,"7":2,"8":26,"9":22,"10":2,"11":4,"12":1,"13":3,"14":1,"15":1,"16":1},"b":{"0":[11],"1":[11],"2":[11],"3":[2,20],"4":[1,2]}}
,"/Users/cristian.azocar/Documents/Personal/Projects/xero-technical-test/src/models/InvoiceLine.ts": {"path":"/Users/cristian.azocar/Documents/Personal/Projects/xero-technical-test/src/models/InvoiceLine.ts","statementMap":{"0":{"start":{"line":1,"column":0},"end":{"line":1,"column":41}},"1":{"start":{"line":3,"column":0},"end":{"line":3,"column":null}},"2":{"start":{"line":10,"column":4},"end":{"line":10,"column":17}},"3":{"start":{"line":11,"column":4},"end":{"line":11,"column":21}},"4":{"start":{"line":12,"column":4},"end":{"line":12,"column":29}},"5":{"start":{"line":13,"column":4},"end":{"line":13,"column":35}},"6":{"start":{"line":16,"column":2},"end":{"line":18,"column":null}},"7":{"start":{"line":17,"column":4},"end":{"line":17,"column":37}},"8":{"start":{"line":20,"column":2},"end":{"line":22,"column":null}},"9":{"start":{"line":21,"column":4},"end":{"line":21,"column":26}},"10":{"start":{"line":23,"column":0},"end":{"line":23,"column":null}}},"fnMap":{"0":{"name":"(anonymous_1)","decl":{"start":{"line":3,"column":0},"end":{"line":3,"column":null}},"loc":{"start":{"line":3,"column":0},"end":{"line":23,"column":null}}},"1":{"name":"InvoiceLine","decl":{"start":{"line":9,"column":2},"end":{"line":9,"column":14}},"loc":{"start":{"line":9,"column":77},"end":{"line":14,"column":3}}},"2":{"name":"(anonymous_3)","decl":{"start":{"line":16,"column":2},"end":{"line":16,"column":10}},"loc":{"start":{"line":16,"column":2},"end":{"line":18,"column":3}}},"3":{"name":"(anonymous_4)","decl":{"start":{"line":20,"column":2},"end":{"line":20,"column":7}},"loc":{"start":{"line":20,"column":2},"end":{"line":22,"column":3}}}},"branchMap":{},"s":{"0":2,"1":2,"2":25,"3":25,"4":25,"5":25,"6":2,"7":9,"8":2,"9":3,"10":2},"f":{"0":2,"1":25,"2":9,"3":3},"b":{}}
,"/Users/cristian.azocar/Documents/Personal/Projects/xero-technical-test/src/utils/deepCopy.ts": {"path":"/Users/cristian.azocar/Documents/Personal/Projects/xero-technical-test/src/utils/deepCopy.ts","statementMap":{"0":{"start":{"line":2,"column":2},"end":{"line":4,"column":null}},"1":{"start":{"line":3,"column":4},"end":{"line":3,"column":63}},"2":{"start":{"line":3,"column":31},"end":{"line":3,"column":62}},"3":{"start":{"line":6,"column":2},"end":{"line":8,"column":null}},"4":{"start":{"line":7,"column":4},"end":{"line":7,"column":53}},"5":{"start":{"line":10,"column":2},"end":{"line":15,"column":null}},"6":{"start":{"line":11,"column":4},"end":{"line":14,"column":52}},"7":{"start":{"line":12,"column":6},"end":{"line":12,"column":69}},"8":{"start":{"line":13,"column":6},"end":{"line":13,"column":17}},"9":{"start":{"line":17,"column":2},"end":{"line":17,"column":15}},"10":{"start":{"line":1,"column":0},"end":{"line":1,"column":24}}},"fnMap":{"0":{"name":"deepCopy","decl":{"start":{"line":1,"column":24},"end":{"line":1,"column":32}},"loc":{"start":{"line":1,"column":44},"end":{"line":18,"column":1}}},"1":{"name":"(anonymous_1)","decl":{"start":{"line":3,"column":21},"end":{"line":3,"column":22}},"loc":{"start":{"line":3,"column":26},"end":{"line":3,"column":39}}},"2":{"name":"(anonymous_2)","decl":{"start":{"line":11,"column":52},"end":{"line":11,"column":53}},"loc":{"start":{"line":11,"column":62},"end":{"line":14,"column":5}}}},"branchMap":{"0":{"loc":{"start":{"line":2,"column":2},"end":{"line":4,"column":null}},"type":"if","locations":[{"start":{"line":2,"column":2},"end":{"line":4,"column":null}}]},"1":{"loc":{"start":{"line":6,"column":2},"end":{"line":8,"column":null}},"type":"if","locations":[{"start":{"line":6,"column":2},"end":{"line":8,"column":null}}]},"2":{"loc":{"start":{"line":10,"column":2},"end":{"line":15,"column":null}},"type":"if","locations":[{"start":{"line":10,"column":2},"end":{"line":15,"column":null}}]},"3":{"loc":{"start":{"line":10,"column":6},"end":{"line":10,"column":49}},"type":"binary-expr","locations":[{"start":{"line":10,"column":6},"end":{"line":10,"column":31}},{"start":{"line":10,"column":35},"end":{"line":10,"column":49}}]}},"s":{"0":69,"1":10,"2":10,"3":59,"4":2,"5":57,"6":12,"7":51,"8":51,"9":45,"10":3},"f":{"0":69,"1":10,"2":51},"b":{"0":[10],"1":[2],"2":[12],"3":[57,12]}}
}
