TN:
SF:src/models/Invoice.ts
FN:5,(anonymous_1)
FN:23,Invoice
FN:32,(anonymous_3)
FN:35,(anonymous_4)
FN:45,(anonymous_5)
FN:46,(anonymous_6)
FN:49,(anonymous_7)
FN:50,(anonymous_8)
FN:53,(anonymous_9)
FN:54,(anonymous_10)
FN:57,(anonymous_11)
FN:59,(anonymous_12)
FN:64,(anonymous_13)
FN:65,(anonymous_14)
FN:75,(anonymous_15)
FN:79,(anonymous_16)
FN:81,(anonymous_17)
FNF:17
FNH:17
FNDA:1,(anonymous_1)
FNDA:12,Invoice
FNDA:3,(anonymous_3)
FNDA:22,(anonymous_4)
FNDA:2,(anonymous_5)
FNDA:6,(anonymous_6)
FNDA:1,(anonymous_7)
FNDA:2,(anonymous_8)
FNDA:26,(anonymous_9)
FNDA:22,(anonymous_10)
FNDA:2,(anonymous_11)
FNDA:4,(anonymous_12)
FNDA:1,(anonymous_13)
FNDA:3,(anonymous_14)
FNDA:1,(anonymous_15)
FNDA:1,(anonymous_16)
FNDA:1,(anonymous_17)
DA:1,1
DA:3,1
DA:5,1
DA:10,12
DA:23,12
DA:24,23
DA:25,23
DA:26,23
DA:28,12
DA:29,12
DA:30,12
DA:32,12
DA:35,1
DA:36,22
DA:38,22
DA:39,2
DA:41,20
DA:45,2
DA:46,6
DA:49,1
DA:50,2
DA:53,1
DA:54,26
DA:57,1
DA:58,2
DA:59,4
DA:64,1
DA:65,1
DA:66,3
DA:67,3
DA:68,1
DA:70,2
DA:75,1
DA:76,1
DA:79,1
DA:80,1
DA:81,1
DA:82,1
DA:90,1
DA:92,1
DA:94,1
LF:41
LH:41
BRDA:24,0,0,11
BRDA:25,1,0,11
BRDA:26,2,0,11
BRDA:38,3,0,2
BRDA:38,3,1,20
BRDA:67,4,0,1
BRDA:67,4,1,2
BRF:7
BRH:7
end_of_record
TN:
SF:src/models/InvoiceLine.ts
FN:3,(anonymous_1)
FN:9,InvoiceLine
FN:16,(anonymous_3)
FN:20,(anonymous_4)
FNF:4
FNH:4
FNDA:2,(anonymous_1)
FNDA:25,InvoiceLine
FNDA:9,(anonymous_3)
FNDA:3,(anonymous_4)
DA:1,2
DA:3,2
DA:10,25
DA:11,25
DA:12,25
DA:13,25
DA:16,2
DA:17,9
DA:20,2
DA:21,3
DA:23,2
LF:11
LH:11
BRF:0
BRH:0
end_of_record
TN:
SF:src/utils/deepCopy.ts
FN:1,deepCopy
FN:3,(anonymous_1)
FN:11,(anonymous_2)
FNF:3
FNH:3
FNDA:69,deepCopy
FNDA:10,(anonymous_1)
FNDA:51,(anonymous_2)
DA:1,3
DA:2,69
DA:3,10
DA:6,59
DA:7,2
DA:10,57
DA:11,12
DA:12,51
DA:13,51
DA:17,45
LF:10
LH:10
BRDA:2,0,0,10
BRDA:6,1,0,2
BRDA:10,2,0,12
BRDA:10,3,0,57
BRDA:10,3,1,12
BRF:5
BRH:5
end_of_record
